# JRE version: Java(TM) SE Runtime Environment (8.0_291-b10) (build 1.8.0_291-b10)
# Java VM: Java HotSpot(TM) 64-Bit Server VM (25.291-b10 mixed mode windows-amd64 compressed oops)
Heap:
 PSYoungGen      total 75776K, used 13575K [0x00000000eab00000, 0x00000000eff80000, 0x0000000100000000)
  eden space 65024K, 20% used [0x00000000eab00000,0x00000000eb841d38,0x00000000eea80000)
  from space 10752K, 0% used [0x00000000eea80000,0x00000000eea80000,0x00000000ef500000)
  to   space 10752K, 0% used [0x00000000ef500000,0x00000000ef500000,0x00000000eff80000)
 ParOldGen       total 173568K, used 1224K [0x00000000c0000000, 0x00000000ca980000, 0x00000000eab00000)
  object space 173568K, 0% used [0x00000000c0000000,0x00000000c01320f8,0x00000000ca980000)
 Metaspace       used 5532K, capacity 5722K, committed 5888K, reserved 1056768K
  class space    used 571K, capacity 673K, committed 768K, reserved 1048576K
GC Heap History (4 events):
Event: 0.152 GC heap before
{Heap before GC invocations=1 (full 0):
 PSYoungGen      total 75776K, used 6502K [0x00000000eab00000, 0x00000000eff80000, 0x0000000100000000)
  eden space 65024K, 10% used [0x00000000eab00000,0x00000000eb159a20,0x00000000eea80000)
  from space 10752K, 0% used [0x00000000ef500000,0x00000000ef500000,0x00000000eff80000)
  to   space 10752K, 0% used [0x00000000eea80000,0x00000000eea80000,0x00000000ef500000)
 ParOldGen       total 173568K, used 0K [0x00000000c0000000, 0x00000000ca980000, 0x00000000eab00000)
  object space 173568K, 0% used [0x00000000c0000000,0x00000000c0000000,0x00000000ca980000)
 Metaspace       used 3578K, capacity 4670K, committed 4864K, reserved 1056768K
  class space    used 392K, capacity 426K, committed 512K, reserved 1048576K
Event: 0.153 GC heap after
Heap after GC invocations=1 (full 0):
 PSYoungGen      total 75776K, used 1401K [0x00000000eab00000, 0x00000000eff80000, 0x0000000100000000)
  eden space 65024K, 0% used [0x00000000eab00000,0x00000000eab00000,0x00000000eea80000)
  from space 10752K, 13% used [0x00000000eea80000,0x00000000eebde620,0x00000000ef500000)
  to   space 10752K, 0% used [0x00000000ef500000,0x00000000ef500000,0x00000000eff80000)
 ParOldGen       total 173568K, used 8K [0x00000000c0000000, 0x00000000ca980000, 0x00000000eab00000)
  object space 173568K, 0% used [0x00000000c0000000,0x00000000c0002000,0x00000000ca980000)
 Metaspace       used 3578K, capacity 4670K, committed 4864K, reserved 1056768K
  class space    used 392K, capacity 426K, committed 512K, reserved 1048576K
}
Event: 0.153 GC heap before
{Heap before GC invocations=2 (full 1):
 PSYoungGen      total 75776K, used 1401K [0x00000000eab00000, 0x00000000eff80000, 0x0000000100000000)
  eden space 65024K, 0% used [0x00000000eab00000,0x00000000eab00000,0x00000000eea80000)
  from space 10752K, 13% used [0x00000000eea80000,0x00000000eebde620,0x00000000ef500000)
  to   space 10752K, 0% used [0x00000000ef500000,0x00000000ef500000,0x00000000eff80000)
 ParOldGen       total 173568K, used 8K [0x00000000c0000000, 0x00000000ca980000, 0x00000000eab00000)
  object space 173568K, 0% used [0x00000000c0000000,0x00000000c0002000,0x00000000ca980000)
 Metaspace       used 3578K, capacity 4670K, committed 4864K, reserved 1056768K
  class space    used 392K, capacity 426K, committed 512K, reserved 1048576K
Event: 0.159 GC heap after
Heap after GC invocations=2 (full 1):
 PSYoungGen      total 75776K, used 0K [0x00000000eab00000, 0x00000000eff80000, 0x0000000100000000)
  eden space 65024K, 0% used [0x00000000eab00000,0x00000000eab00000,0x00000000eea80000)
  from space 10752K, 0% used [0x00000000eea80000,0x00000000eea80000,0x00000000ef500000)
  to   space 10752K, 0% used [0x00000000ef500000,0x00000000ef500000,0x00000000eff80000)
 ParOldGen       total 173568K, used 1224K [0x00000000c0000000, 0x00000000ca980000, 0x00000000eab00000)
  object space 173568K, 0% used [0x00000000c0000000,0x00000000c01320f8,0x00000000ca980000)
 Metaspace       used 3578K, capacity 4670K, committed 4864K, reserved 1056768K
  class space    used 392K, capacity 426K, committed 512K, reserved 1048576K
}

